<?xml version="1.0" encoding="UTF-8"?>
<testng-results skipped="0" failed="0" ignored="0" total="1" passed="1">
  <reporter-output>
  </reporter-output>
  <suite name="Default suite" duration-ms="27430" started-at="2020-03-11T11:00:12Z" finished-at="2020-03-11T11:00:39Z">
    <groups>
    </groups>
    <test name="Default test" duration-ms="27430" started-at="2020-03-11T11:00:12Z" finished-at="2020-03-11T11:00:39Z">
      <class name="getRequest.TC01_ListAllPets">
        <test-method status="PASS" signature="listASpecificPet()[pri:0, instance:getRequest.TC01_ListAllPets@59f99ea]" name="listASpecificPet" duration-ms="27069" started-at="2020-03-11T11:00:12Z" finished-at="2020-03-11T11:00:39Z">
          <reporter-output>
          </reporter-output>
        </test-method> <!-- listASpecificPet -->
      </class> <!-- getRequest.TC01_ListAllPets -->
    </test> <!-- Default test -->
  </suite> <!-- Default suite -->
</testng-results>
